This is pdfTeX, Version 3.14159265-2.6-1.40.17 (TeX Live 2016) (preloaded format=pdflatex 2016.5.22)  4 OCT 2017 22:12
entering extended mode
 restricted \write18 enabled.
 %&-line parsing enabled.
**description.tex
(./description.tex
LaTeX2e <2016/03/31>
Babel <3.9r> and hyphenation patterns for 83 language(s) loaded.
(/usr/local/texlive/2016/texmf-dist/tex/latex/base/article.cls
Document Class: article 2014/09/29 v1.4h Standard LaTeX document class
(/usr/local/texlive/2016/texmf-dist/tex/latex/base/size10.clo
File: size10.clo 2014/09/29 v1.4h Standard LaTeX file (size option)
)
\c@part=\count79
\c@section=\count80
\c@subsection=\count81
\c@subsubsection=\count82
\c@paragraph=\count83
\c@subparagraph=\count84
\c@figure=\count85
\c@table=\count86
\abovecaptionskip=\skip41
\belowcaptionskip=\skip42
\bibindent=\dimen102
)
(/usr/local/texlive/2016/texmf-dist/tex/latex/bytefield/bytefield.sty
Package: bytefield 2015/10/28 v2.3 Network protocol diagrams

(/usr/local/texlive/2016/texmf-dist/tex/latex/tools/calc.sty
Package: calc 2014/10/28 v4.3 Infix arithmetic (KKT,FJ)
\calc@Acount=\count87
\calc@Bcount=\count88
\calc@Adimen=\dimen103
\calc@Bdimen=\dimen104
\calc@Askip=\skip43
\calc@Bskip=\skip44
LaTeX Info: Redefining \setlength on input line 80.
LaTeX Info: Redefining \addtolength on input line 81.
\calc@Ccount=\count89
\calc@Cskip=\skip45
)
(/usr/local/texlive/2016/texmf-dist/tex/latex/graphics/keyval.sty
Package: keyval 2014/10/28 v1.15 key=value parser (DPC)
\KV@toks@=\toks14
)
\bytefield@height=\skip46
\bytefield@height@increment=\skip47
\entire@bytefield@picture=\box26
\bf@bitwidth=\skip48
\bf@bitheight=\skip49
\units@wide=\skip50
\units@tall=\skip51
\units@high=\skip52
\header@xpos=\skip53
\c@header@val=\count90
\c@max@header@val=\count91
\curly@box=\box27
\wordlabelr@start=\skip54
\wordlabelr@end=\skip55
\wordlabell@start=\skip56
\wordlabell@end=\skip57
\total@lbox@width=\skip58
\label@box@width=\skip59
\label@box@height=\skip60
\word@label@box=\box28
)
(/usr/local/texlive/2016/texmf-dist/tex/latex/mathtools/mathtools.sty
Package: mathtools 2015/11/12 v1.18 mathematical typesetting tools

(/usr/local/texlive/2016/texmf-dist/tex/latex/mathtools/mhsetup.sty
Package: mhsetup 2010/01/21 v1.2a programming setup (MH)
)
(/usr/local/texlive/2016/texmf-dist/tex/latex/amsmath/amsmath.sty
Package: amsmath 2016/03/10 v2.15b AMS math features
\@mathmargin=\skip61

For additional information on amsmath, use the `?' option.
(/usr/local/texlive/2016/texmf-dist/tex/latex/amsmath/amstext.sty
Package: amstext 2000/06/29 v2.01 AMS text

(/usr/local/texlive/2016/texmf-dist/tex/latex/amsmath/amsgen.sty
File: amsgen.sty 1999/11/30 v2.0 generic functions
\@emptytoks=\toks15
\ex@=\dimen105
))
(/usr/local/texlive/2016/texmf-dist/tex/latex/amsmath/amsbsy.sty
Package: amsbsy 1999/11/29 v1.2d Bold Symbols
\pmbraise@=\dimen106
)
(/usr/local/texlive/2016/texmf-dist/tex/latex/amsmath/amsopn.sty
Package: amsopn 2016/03/08 v2.02 operator names
)
\inf@bad=\count92
LaTeX Info: Redefining \frac on input line 199.
\uproot@=\count93
\leftroot@=\count94
LaTeX Info: Redefining \overline on input line 297.
\classnum@=\count95
\DOTSCASE@=\count96
LaTeX Info: Redefining \ldots on input line 394.
LaTeX Info: Redefining \dots on input line 397.
LaTeX Info: Redefining \cdots on input line 518.
\Mathstrutbox@=\box29
\strutbox@=\box30
\big@size=\dimen107
LaTeX Font Info:    Redeclaring font encoding OML on input line 634.
LaTeX Font Info:    Redeclaring font encoding OMS on input line 635.
\macc@depth=\count97
\c@MaxMatrixCols=\count98
\dotsspace@=\muskip10
\c@parentequation=\count99
\dspbrk@lvl=\count100
\tag@help=\toks16
\row@=\count101
\column@=\count102
\maxfields@=\count103
\andhelp@=\toks17
\eqnshift@=\dimen108
\alignsep@=\dimen109
\tagshift@=\dimen110
\tagwidth@=\dimen111
\totwidth@=\dimen112
\lineht@=\dimen113
\@envbody=\toks18
\multlinegap=\skip62
\multlinetaggap=\skip63
\mathdisplay@stack=\toks19
LaTeX Info: Redefining \[ on input line 2739.
LaTeX Info: Redefining \] on input line 2740.
)
LaTeX Info: Thecontrolsequence`\('isalreadyrobust on input line 129.
LaTeX Info: Thecontrolsequence`\)'isalreadyrobust on input line 129.
LaTeX Info: Thecontrolsequence`\['isalreadyrobust on input line 129.
LaTeX Info: Thecontrolsequence`\]'isalreadyrobust on input line 129.
\g_MT_multlinerow_int=\count104
\l_MT_multwidth_dim=\dimen114
\origjot=\skip64
\l_MT_shortvdotswithinadjustabove_dim=\dimen115
\l_MT_shortvdotswithinadjustbelow_dim=\dimen116
\l_MT_above_intertext_sep=\dimen117
\l_MT_below_intertext_sep=\dimen118
\l_MT_above_shortintertext_sep=\dimen119
\l_MT_below_shortintertext_sep=\dimen120
)
(/usr/local/texlive/2016/texmf-dist/tex/latex/float/float.sty
Package: float 2001/11/08 v1.3d Float enhancements (AL)
\c@float@type=\count105
\float@exts=\toks20
\float@box=\box31
\@float@everytoks=\toks21
\@floatcapt=\box32
)
(/usr/local/texlive/2016/texmf-dist/tex/latex/url/url.sty
\Urlmuskip=\muskip11
Package: url 2013/09/16  ver 3.4  Verb mode for urls, etc.
)
No file description.aux.
\openout1 = `description.aux'.

LaTeX Font Info:    Checking defaults for OML/cmm/m/it on input line 16.
LaTeX Font Info:    ... okay on input line 16.
LaTeX Font Info:    Checking defaults for T1/cmr/m/n on input line 16.
LaTeX Font Info:    ... okay on input line 16.
LaTeX Font Info:    Checking defaults for OT1/cmr/m/n on input line 16.
LaTeX Font Info:    ... okay on input line 16.
LaTeX Font Info:    Checking defaults for OMS/cmsy/m/n on input line 16.
LaTeX Font Info:    ... okay on input line 16.
LaTeX Font Info:    Checking defaults for OMX/cmex/m/n on input line 16.
LaTeX Font Info:    ... okay on input line 16.
LaTeX Font Info:    Checking defaults for U/cmr/m/n on input line 16.
LaTeX Font Info:    ... okay on input line 16.
(/usr/local/texlive/2016/texmf-dist/tex/latex/graphics/graphicx.sty
Package: graphicx 2014/10/28 v1.0g Enhanced LaTeX Graphics (DPC,SPQR)

(/usr/local/texlive/2016/texmf-dist/tex/latex/graphics/graphics.sty
Package: graphics 2016/05/09 v1.0r Standard LaTeX Graphics (DPC,SPQR)

(/usr/local/texlive/2016/texmf-dist/tex/latex/graphics/trig.sty
Package: trig 2016/01/03 v1.10 sin cos tan (DPC)
)
(/usr/local/texlive/2016/texmf-dist/tex/latex/graphics-cfg/graphics.cfg
File: graphics.cfg 2016/01/02 v1.10 sample graphics configuration
)
Package graphics Info: Driver file: pdftex.def on input line 96.

(/usr/local/texlive/2016/texmf-dist/tex/latex/pdftex-def/pdftex.def
File: pdftex.def 2011/05/27 v0.06d Graphics/color for pdfTeX

(/usr/local/texlive/2016/texmf-dist/tex/generic/oberdiek/infwarerr.sty
Package: infwarerr 2016/05/16 v1.4 Providing info/warning/error messages (HO)
)
(/usr/local/texlive/2016/texmf-dist/tex/generic/oberdiek/ltxcmds.sty
Package: ltxcmds 2016/05/16 v1.23 LaTeX kernel commands for general use (HO)
)
\Gread@gobject=\count106

(/usr/local/texlive/2016/texmf-dist/tex/context/base/mkii/supp-pdf.mkii
[Loading MPS to PDF converter (version 2006.09.02).]
\scratchcounter=\count107
\scratchdimen=\dimen121
\scratchbox=\box33
\nofMPsegments=\count108
\nofMParguments=\count109
\everyMPshowfont=\toks22
\MPscratchCnt=\count110
\MPscratchDim=\dimen122
\MPnumerator=\count111
\makeMPintoPDFobject=\count112
\everyMPtoPDFconversion=\toks23
))) (/usr/local/texlive/2016/texmf-dist/tex/generic/oberdiek/pdftexcmds.sty
Package: pdftexcmds 2016/05/10 v0.21 Utility functions of pdfTeX for LuaTeX (HO
)

(/usr/local/texlive/2016/texmf-dist/tex/generic/oberdiek/ifluatex.sty
Package: ifluatex 2016/05/16 v1.4 Provides the ifluatex switch (HO)
Package ifluatex Info: LuaTeX not detected.
)
(/usr/local/texlive/2016/texmf-dist/tex/generic/oberdiek/ifpdf.sty
Package: ifpdf 2016/05/14 v3.1 Provides the ifpdf switch
)
Package pdftexcmds Info: LuaTeX not detected.
Package pdftexcmds Info: \pdf@primitive is available.
Package pdftexcmds Info: \pdf@ifprimitive is available.
Package pdftexcmds Info: \pdfdraftmode found.
)
(/usr/local/texlive/2016/texmf-dist/tex/latex/oberdiek/epstopdf-base.sty
Package: epstopdf-base 2016/05/15 v2.6 Base part for package epstopdf

(/usr/local/texlive/2016/texmf-dist/tex/latex/oberdiek/grfext.sty
Package: grfext 2016/05/16 v1.2 Manage graphics extensions (HO)

(/usr/local/texlive/2016/texmf-dist/tex/generic/oberdiek/kvdefinekeys.sty
Package: kvdefinekeys 2016/05/16 v1.4 Define keys (HO)
))
(/usr/local/texlive/2016/texmf-dist/tex/latex/oberdiek/kvoptions.sty
Package: kvoptions 2016/05/16 v3.12 Key value format for package options (HO)

(/usr/local/texlive/2016/texmf-dist/tex/generic/oberdiek/kvsetkeys.sty
Package: kvsetkeys 2016/05/16 v1.17 Key value parser (HO)

(/usr/local/texlive/2016/texmf-dist/tex/generic/oberdiek/etexcmds.sty
Package: etexcmds 2016/05/16 v1.6 Avoid name clashes with e-TeX commands (HO)
Package etexcmds Info: Could not find \expanded.
(etexcmds)             That can mean that you are not using pdfTeX 1.50 or
(etexcmds)             that some package has redefined \expanded.
(etexcmds)             In the latter case, load this package earlier.
)))
Package grfext Info: Graphics extension search list:
(grfext)             [.png,.pdf,.jpg,.mps,.jpeg,.jbig2,.jb2,.PNG,.PDF,.JPG,.JPE
G,.JBIG2,.JB2,.eps]
(grfext)             \AppendGraphicsExtensions on input line 456.

(/usr/local/texlive/2016/texmf-dist/tex/latex/latexconfig/epstopdf-sys.cfg
File: epstopdf-sys.cfg 2010/07/13 v1.3 Configuration of (r)epstopdf for TeX Liv
e
))
\Gin@req@height=\dimen123
\Gin@req@width=\dimen124
)
\height=\dimen125
\depth=\dimen126
\totalheight=\dimen127
\width=\dimen128
\height=\dimen129
\depth=\dimen130
\totalheight=\dimen131
\width=\dimen132
\height=\dimen133
\depth=\dimen134
\totalheight=\dimen135
\width=\dimen136
\height=\dimen137
\depth=\dimen138
\totalheight=\dimen139
\width=\dimen140
\height=\dimen141
\depth=\dimen142
\totalheight=\dimen143
\width=\dimen144
\height=\dimen145
\depth=\dimen146
\totalheight=\dimen147
\width=\dimen148
\height=\dimen149
\depth=\dimen150
\totalheight=\dimen151
\width=\dimen152
\height=\dimen153
\depth=\dimen154
\totalheight=\dimen155
\width=\dimen156
\height=\dimen157
\depth=\dimen158
\totalheight=\dimen159
\width=\dimen160
\height=\dimen161
\depth=\dimen162
\totalheight=\dimen163
\width=\dimen164
\height=\dimen165
\depth=\dimen166
\totalheight=\dimen167
\width=\dimen168
\height=\dimen169
\depth=\dimen170
\totalheight=\dimen171
\width=\dimen172
\height=\dimen173
\depth=\dimen174
\totalheight=\dimen175
\width=\dimen176
\height=\dimen177
\depth=\dimen178
\totalheight=\dimen179
\width=\dimen180
\height=\dimen181
\depth=\dimen182
\totalheight=\dimen183
\width=\dimen184
\height=\dimen185
\depth=\dimen186
\totalheight=\dimen187
\width=\dimen188
\height=\dimen189
\depth=\dimen190
\totalheight=\dimen191
\width=\dimen192
\height=\dimen193
\depth=\dimen194
\totalheight=\dimen195
\width=\dimen196
\height=\dimen197
\depth=\dimen198
\totalheight=\dimen199
\width=\dimen256
\height=\dimen257
\depth=\dimen258
\totalheight=\dimen259
\width=\dimen260
\height=\dimen261
\depth=\dimen262
\totalheight=\dimen263
\width=\dimen264
\height=\dimen265
\depth=\dimen266
\totalheight=\dimen267
\width=\dimen268
\height=\dimen269
\depth=\dimen270
\totalheight=\dimen271
\width=\dimen272
\height=\dimen273
\depth=\dimen274
\totalheight=\dimen275
\width=\dimen276
\height=\dimen277
\depth=\dimen278
\totalheight=\dimen279
\width=\dimen280
\height=\dimen281
\depth=\dimen282
\totalheight=\dimen283
\width=\dimen284
\height=\dimen285
\depth=\dimen286
\totalheight=\dimen287
\width=\dimen288
\height=\dimen289
\depth=\dimen290
\totalheight=\dimen291
\width=\dimen292
\height=\dimen293
\depth=\dimen294
\totalheight=\dimen295
\width=\dimen296
\height=\dimen297
\depth=\dimen298
\totalheight=\dimen299
\width=\dimen300
\height=\dimen301
\depth=\dimen302
\totalheight=\dimen303
\width=\dimen304
\height=\dimen305
\depth=\dimen306
\totalheight=\dimen307
\width=\dimen308
\height=\dimen309
\depth=\dimen310
\totalheight=\dimen311
\width=\dimen312
\height=\dimen313
\depth=\dimen314
\totalheight=\dimen315
\width=\dimen316
\height=\dimen317
\depth=\dimen318
\totalheight=\dimen319
\width=\dimen320
\height=\dimen321
\depth=\dimen322
\totalheight=\dimen323
\width=\dimen324
\height=\dimen325
\depth=\dimen326
\totalheight=\dimen327
\width=\dimen328
\height=\dimen329
\depth=\dimen330
\totalheight=\dimen331
\width=\dimen332
\height=\dimen333
\depth=\dimen334
\totalheight=\dimen335
\width=\dimen336
\height=\dimen337
\depth=\dimen338
\totalheight=\dimen339
\width=\dimen340
\height=\dimen341
\depth=\dimen342
\totalheight=\dimen343
\width=\dimen344
\height=\dimen345
\depth=\dimen346
\totalheight=\dimen347
\width=\dimen348
\height=\dimen349
\depth=\dimen350
\totalheight=\dimen351
\width=\dimen352
\height=\dimen353
\depth=\dimen354
\totalheight=\dimen355
\width=\dimen356
\height=\dimen357
\depth=\dimen358
\totalheight=\dimen359
\width=\dimen360
\height=\dimen361
\depth=\dimen362
\totalheight=\dimen363
\width=\dimen364
\height=\dimen365
\depth=\dimen366
\totalheight=\dimen367
\width=\dimen368
\height=\dimen369
\depth=\dimen370
\totalheight=\dimen371
\width=\dimen372
\height=\dimen373
\depth=\dimen374
\totalheight=\dimen375
\width=\dimen376
\height=\dimen377
\depth=\dimen378
\totalheight=\dimen379
\width=\dimen380
\height=\dimen381
\depth=\dimen382
\totalheight=\dimen383
\width=\dimen384
\height=\dimen385
\depth=\dimen386
\totalheight=\dimen387
\width=\dimen388
\height=\dimen389
\depth=\dimen390
\totalheight=\dimen391
\width=\dimen392
\height=\dimen393
\depth=\dimen394
\totalheight=\dimen395
\width=\dimen396
\height=\dimen397
\depth=\dimen398
\totalheight=\dimen399
\width=\dimen400
\height=\dimen401
\depth=\dimen402
\totalheight=\dimen403
\width=\dimen404
\height=\dimen405
\depth=\dimen406
\totalheight=\dimen407
\width=\dimen408

[1

{/usr/local/texlive/2016/texmf-var/fonts/map/pdftex/updmap/pdftex.map}]
\height=\dimen409
\depth=\dimen410
\totalheight=\dimen411
\width=\dimen412
\height=\dimen413
\depth=\dimen414
\totalheight=\dimen415
\width=\dimen416
\height=\dimen417
\depth=\dimen418
\totalheight=\dimen419
\width=\dimen420
\height=\dimen421
\depth=\dimen422
\totalheight=\dimen423
\width=\dimen424
\height=\dimen425
\depth=\dimen426
\totalheight=\dimen427
\width=\dimen428
\height=\dimen429
\depth=\dimen430
\totalheight=\dimen431
\width=\dimen432
\height=\dimen433
\depth=\dimen434
\totalheight=\dimen435
\width=\dimen436
\height=\dimen437
\depth=\dimen438
\totalheight=\dimen439
\width=\dimen440
\height=\dimen441
\depth=\dimen442
\totalheight=\dimen443
\width=\dimen444
\height=\dimen445
\depth=\dimen446
\totalheight=\dimen447
\width=\dimen448
\height=\dimen449
\depth=\dimen450
\totalheight=\dimen451
\width=\dimen452
\height=\dimen453
\depth=\dimen454
\totalheight=\dimen455
\width=\dimen456
\height=\dimen457
\depth=\dimen458
\totalheight=\dimen459
\width=\dimen460
\height=\dimen461
\depth=\dimen462
\totalheight=\dimen463
\width=\dimen464
\height=\dimen465
\depth=\dimen466
\totalheight=\dimen467
\width=\dimen468
\height=\dimen469
\depth=\dimen470
\totalheight=\dimen471
\width=\dimen472
\height=\dimen473
\depth=\dimen474
\totalheight=\dimen475
\width=\dimen476
\height=\dimen477
\depth=\dimen478
\totalheight=\dimen479
\width=\dimen480
\height=\dimen481
\depth=\dimen482
\totalheight=\dimen483
\width=\dimen484
\height=\dimen485
\depth=\dimen486
\totalheight=\dimen487
\width=\dimen488
\height=\dimen489
\depth=\dimen490
\totalheight=\dimen491
\width=\dimen492
\height=\dimen493
\depth=\dimen494
\totalheight=\dimen495
\width=\dimen496
\height=\dimen497
\depth=\dimen498
\totalheight=\dimen499
\width=\dimen500
\height=\dimen501
\depth=\dimen502
\totalheight=\dimen503
\width=\dimen504
\height=\dimen505
\depth=\dimen506
\totalheight=\dimen507
\width=\dimen508
\height=\dimen509
\depth=\dimen510
\totalheight=\dimen511
\width=\dimen512
\height=\dimen513
\depth=\dimen514
\totalheight=\dimen515
\width=\dimen516
\height=\dimen517
\depth=\dimen518
\totalheight=\dimen519
\width=\dimen520
\height=\dimen521
\depth=\dimen522
\totalheight=\dimen523
\width=\dimen524
\height=\dimen525
\depth=\dimen526
\totalheight=\dimen527
\width=\dimen528
\height=\dimen529
\depth=\dimen530
\totalheight=\dimen531
\width=\dimen532
\height=\dimen533
\depth=\dimen534
\totalheight=\dimen535
\width=\dimen536
\height=\dimen537
\depth=\dimen538
\totalheight=\dimen539
\width=\dimen540
\height=\dimen541
\depth=\dimen542
\totalheight=\dimen543
\width=\dimen544
\height=\dimen545
\depth=\dimen546
\totalheight=\dimen547
\width=\dimen548
\height=\dimen549
\depth=\dimen550
\totalheight=\dimen551
\width=\dimen552
\height=\dimen553
\depth=\dimen554
\totalheight=\dimen555
\width=\dimen556
\height=\dimen557
\depth=\dimen558
\totalheight=\dimen559
\width=\dimen560
\height=\dimen561
\depth=\dimen562
\totalheight=\dimen563
\width=\dimen564
\height=\dimen565
\depth=\dimen566
\totalheight=\dimen567
\width=\dimen568
\height=\dimen569
\depth=\dimen570
\totalheight=\dimen571
\width=\dimen572
\height=\dimen573
\depth=\dimen574
\totalheight=\dimen575
\width=\dimen576
\height=\dimen577
\depth=\dimen578
\totalheight=\dimen579
\width=\dimen580
\height=\dimen581
\depth=\dimen582
\totalheight=\dimen583
\width=\dimen584
\height=\dimen585
\depth=\dimen586
\totalheight=\dimen587
\width=\dimen588
\height=\dimen589
\depth=\dimen590
\totalheight=\dimen591
\width=\dimen592
\height=\dimen593
\depth=\dimen594
\totalheight=\dimen595
\width=\dimen596
\height=\dimen597
\depth=\dimen598
\totalheight=\dimen599
\width=\dimen600
\height=\dimen601
\depth=\dimen602
\totalheight=\dimen603
\width=\dimen604
\height=\dimen605
\depth=\dimen606
\totalheight=\dimen607
\width=\dimen608
\height=\dimen609
\depth=\dimen610
\totalheight=\dimen611
\width=\dimen612
\height=\dimen613
\depth=\dimen614
\totalheight=\dimen615
\width=\dimen616

[2]
\height=\dimen617
\depth=\dimen618
\totalheight=\dimen619
\width=\dimen620
\height=\dimen621
\depth=\dimen622
\totalheight=\dimen623
\width=\dimen624
\height=\dimen625
\depth=\dimen626
\totalheight=\dimen627
\width=\dimen628
\height=\dimen629
\depth=\dimen630
\totalheight=\dimen631
\width=\dimen632
\height=\dimen633
\depth=\dimen634
\totalheight=\dimen635
\width=\dimen636
\height=\dimen637
\depth=\dimen638
\totalheight=\dimen639
\width=\dimen640
\height=\dimen641
\depth=\dimen642
\totalheight=\dimen643
\width=\dimen644
\height=\dimen645
\depth=\dimen646
\totalheight=\dimen647
\width=\dimen648
\height=\dimen649
\depth=\dimen650
\totalheight=\dimen651
\width=\dimen652
\height=\dimen653
\depth=\dimen654
\totalheight=\dimen655
\width=\dimen656
\height=\dimen657
\depth=\dimen658
\totalheight=\dimen659
\width=\dimen660
\height=\dimen661
\depth=\dimen662
\totalheight=\dimen663
\width=\dimen664
\height=\dimen665
\depth=\dimen666
\totalheight=\dimen667
\width=\dimen668
\height=\dimen669
\depth=\dimen670
\totalheight=\dimen671
\width=\dimen672
\height=\dimen673
\depth=\dimen674
\totalheight=\dimen675
\width=\dimen676
\height=\dimen677
\depth=\dimen678
\totalheight=\dimen679
\width=\dimen680
\height=\dimen681
\depth=\dimen682
\totalheight=\dimen683
\width=\dimen684
\height=\dimen685
\depth=\dimen686
\totalheight=\dimen687
\width=\dimen688
\height=\dimen689
\depth=\dimen690
\totalheight=\dimen691
\width=\dimen692
\height=\dimen693
\depth=\dimen694
\totalheight=\dimen695
\width=\dimen696
\height=\dimen697
\depth=\dimen698
\totalheight=\dimen699
\width=\dimen700
\height=\dimen701
\depth=\dimen702
\totalheight=\dimen703
\width=\dimen704
\height=\dimen705
\depth=\dimen706
\totalheight=\dimen707
\width=\dimen708
\height=\dimen709
\depth=\dimen710
\totalheight=\dimen711
\width=\dimen712
\height=\dimen713
\depth=\dimen714
\totalheight=\dimen715
\width=\dimen716
\height=\dimen717
\depth=\dimen718
\totalheight=\dimen719
\width=\dimen720
\height=\dimen721
\depth=\dimen722
\totalheight=\dimen723
\width=\dimen724
\height=\dimen725
\depth=\dimen726
\totalheight=\dimen727
\width=\dimen728
\height=\dimen729
\depth=\dimen730
\totalheight=\dimen731
\width=\dimen732
\height=\dimen733
\depth=\dimen734
\totalheight=\dimen735
\width=\dimen736
\height=\dimen737
\depth=\dimen738
\totalheight=\dimen739
\width=\dimen740
\height=\dimen741
\depth=\dimen742
\totalheight=\dimen743
\width=\dimen744
\height=\dimen745
\depth=\dimen746
\totalheight=\dimen747
\width=\dimen748
\height=\dimen749
\depth=\dimen750
\totalheight=\dimen751
\width=\dimen752
\height=\dimen753
\depth=\dimen754
\totalheight=\dimen755
\width=\dimen756
\height=\dimen757
\depth=\dimen758
\totalheight=\dimen759
\width=\dimen760
\height=\dimen761
\depth=\dimen762
\totalheight=\dimen763
\width=\dimen764
\height=\dimen765
\depth=\dimen766
\totalheight=\dimen767
\width=\dimen768
\height=\dimen769
\depth=\dimen770
\totalheight=\dimen771
\width=\dimen772
\height=\dimen773
\depth=\dimen774
\totalheight=\dimen775
\width=\dimen776
\height=\dimen777
\depth=\dimen778
\totalheight=\dimen779
\width=\dimen780
\height=\dimen781
\depth=\dimen782
\totalheight=\dimen783
\width=\dimen784
\height=\dimen785
\depth=\dimen786
\totalheight=\dimen787
\width=\dimen788
\height=\dimen789
\depth=\dimen790
\totalheight=\dimen791
\width=\dimen792
\height=\dimen793
\depth=\dimen794
\totalheight=\dimen795
\width=\dimen796
\height=\dimen797
\depth=\dimen798
\totalheight=\dimen799
\width=\dimen800
\height=\dimen801
\depth=\dimen802
\totalheight=\dimen803
\width=\dimen804
\height=\dimen805
\depth=\dimen806
\totalheight=\dimen807
\width=\dimen808
\height=\dimen809
\depth=\dimen810
\totalheight=\dimen811
\width=\dimen812
\height=\dimen813
\depth=\dimen814
\totalheight=\dimen815
\width=\dimen816
\height=\dimen817
\depth=\dimen818
\totalheight=\dimen819
\width=\dimen820
\height=\dimen821
\depth=\dimen822
\totalheight=\dimen823
\width=\dimen824
\height=\dimen825
\depth=\dimen826
\totalheight=\dimen827
\width=\dimen828
\height=\dimen829
\depth=\dimen830
\totalheight=\dimen831
\width=\dimen832
\height=\dimen833
\depth=\dimen834
\totalheight=\dimen835
\width=\dimen836
\height=\dimen837
\depth=\dimen838
\totalheight=\dimen839
\width=\dimen840
\height=\dimen841
\depth=\dimen842
\totalheight=\dimen843
\width=\dimen844
\height=\dimen845
\depth=\dimen846
\totalheight=\dimen847
\width=\dimen848
\height=\dimen849
\depth=\dimen850
\totalheight=\dimen851
\width=\dimen852
\height=\dimen853
\depth=\dimen854
\totalheight=\dimen855
\width=\dimen856
\height=\dimen857
\depth=\dimen858
\totalheight=\dimen859
\width=\dimen860
\height=\dimen861
\depth=\dimen862
\totalheight=\dimen863
\width=\dimen864
\height=\dimen865
\depth=\dimen866
\totalheight=\dimen867
\width=\dimen868
\height=\dimen869
\depth=\dimen870
\totalheight=\dimen871
\width=\dimen872
\height=\dimen873
\depth=\dimen874
\totalheight=\dimen875
\width=\dimen876
\height=\dimen877
\depth=\dimen878
\totalheight=\dimen879
\width=\dimen880
\height=\dimen881
\depth=\dimen882
\totalheight=\dimen883
\width=\dimen884
\height=\dimen885
\depth=\dimen886
\totalheight=\dimen887
\width=\dimen888
\height=\dimen889
\depth=\dimen890
\totalheight=\dimen891
\width=\dimen892
\height=\dimen893
\depth=\dimen894
\totalheight=\dimen895
\width=\dimen896
\height=\dimen897
\depth=\dimen898
\totalheight=\dimen899
\width=\dimen900
\height=\dimen901
\depth=\dimen902
\totalheight=\dimen903
\width=\dimen904
\height=\dimen905
\depth=\dimen906
\totalheight=\dimen907
\width=\dimen908
\height=\dimen909
\depth=\dimen910
\totalheight=\dimen911
\width=\dimen912
\height=\dimen913
\depth=\dimen914
\totalheight=\dimen915
\width=\dimen916
\height=\dimen917
\depth=\dimen918
\totalheight=\dimen919
\width=\dimen920
\height=\dimen921
\depth=\dimen922
\totalheight=\dimen923
\width=\dimen924
\height=\dimen925
\depth=\dimen926
\totalheight=\dimen927
\width=\dimen928
\height=\dimen929
\depth=\dimen930
\totalheight=\dimen931
\width=\dimen932
\height=\dimen933
\depth=\dimen934
\totalheight=\dimen935
\width=\dimen936
\height=\dimen937
\depth=\dimen938
\totalheight=\dimen939
\width=\dimen940
\height=\dimen941
\depth=\dimen942
\totalheight=\dimen943
\width=\dimen944
\height=\dimen945
\depth=\dimen946
\totalheight=\dimen947
\width=\dimen948
\height=\dimen949
\depth=\dimen950
\totalheight=\dimen951
\width=\dimen952
\height=\dimen953
\depth=\dimen954
\totalheight=\dimen955
\width=\dimen956
\height=\dimen957
\depth=\dimen958
\totalheight=\dimen959
\width=\dimen960
\height=\dimen961
\depth=\dimen962
\totalheight=\dimen963
\width=\dimen964
\height=\dimen965
\depth=\dimen966
\totalheight=\dimen967
\width=\dimen968
\height=\dimen969
\depth=\dimen970
\totalheight=\dimen971
\width=\dimen972
\height=\dimen973
\depth=\dimen974
\totalheight=\dimen975
\width=\dimen976
\height=\dimen977
\depth=\dimen978
\totalheight=\dimen979
\width=\dimen980
\height=\dimen981
\depth=\dimen982
\totalheight=\dimen983
\width=\dimen984
\height=\dimen985
\depth=\dimen986
\totalheight=\dimen987
\width=\dimen988
\height=\dimen989
\depth=\dimen990
\totalheight=\dimen991
\width=\dimen992
\height=\dimen993
\depth=\dimen994
\totalheight=\dimen995
\width=\dimen996
\height=\dimen997
\depth=\dimen998
\totalheight=\dimen999
\width=\dimen1000
\height=\dimen1001
\depth=\dimen1002
\totalheight=\dimen1003
\width=\dimen1004
\height=\dimen1005
\depth=\dimen1006
\totalheight=\dimen1007
\width=\dimen1008
\height=\dimen1009
\depth=\dimen1010
\totalheight=\dimen1011
\width=\dimen1012
\height=\dimen1013
\depth=\dimen1014
\totalheight=\dimen1015
\width=\dimen1016
\height=\dimen1017
\depth=\dimen1018
\totalheight=\dimen1019
\width=\dimen1020
\height=\dimen1021
\depth=\dimen1022
\totalheight=\dimen1023
\width=\dimen1024
\height=\dimen1025
\depth=\dimen1026
\totalheight=\dimen1027
\width=\dimen1028
\height=\dimen1029
\depth=\dimen1030
\totalheight=\dimen1031
\width=\dimen1032
\height=\dimen1033
\depth=\dimen1034
\totalheight=\dimen1035
\width=\dimen1036
\height=\dimen1037
\depth=\dimen1038
\totalheight=\dimen1039
\width=\dimen1040
\height=\dimen1041
\depth=\dimen1042
\totalheight=\dimen1043
\width=\dimen1044
\height=\dimen1045
\depth=\dimen1046
\totalheight=\dimen1047
\width=\dimen1048
\height=\dimen1049
\depth=\dimen1050
\totalheight=\dimen1051
\width=\dimen1052
\height=\dimen1053
\depth=\dimen1054
\totalheight=\dimen1055
\width=\dimen1056
\height=\dimen1057
\depth=\dimen1058
\totalheight=\dimen1059
\width=\dimen1060
\height=\dimen1061
\depth=\dimen1062
\totalheight=\dimen1063
\width=\dimen1064
\height=\dimen1065
\depth=\dimen1066
\totalheight=\dimen1067
\width=\dimen1068
\height=\dimen1069
\depth=\dimen1070
\totalheight=\dimen1071
\width=\dimen1072
\height=\dimen1073
\depth=\dimen1074
\totalheight=\dimen1075
\width=\dimen1076
\height=\dimen1077
\depth=\dimen1078
\totalheight=\dimen1079
\width=\dimen1080
\height=\dimen1081
\depth=\dimen1082
\totalheight=\dimen1083
\width=\dimen1084
\height=\dimen1085
\depth=\dimen1086
\totalheight=\dimen1087
\width=\dimen1088
\height=\dimen1089
\depth=\dimen1090
\totalheight=\dimen1091
\width=\dimen1092
\height=\dimen1093
\depth=\dimen1094
\totalheight=\dimen1095
\width=\dimen1096
\height=\dimen1097
\depth=\dimen1098
\totalheight=\dimen1099
\width=\dimen1100
\height=\dimen1101
\depth=\dimen1102
\totalheight=\dimen1103
\width=\dimen1104
\height=\dimen1105
\depth=\dimen1106
\totalheight=\dimen1107
\width=\dimen1108
\height=\dimen1109
\depth=\dimen1110
\totalheight=\dimen1111
\width=\dimen1112
\height=\dimen1113
\depth=\dimen1114
\totalheight=\dimen1115
\width=\dimen1116
\height=\dimen1117
\depth=\dimen1118
\totalheight=\dimen1119
\width=\dimen1120
\height=\dimen1121
\depth=\dimen1122
\totalheight=\dimen1123
\width=\dimen1124
\height=\dimen1125
\depth=\dimen1126
\totalheight=\dimen1127
\width=\dimen1128
\height=\dimen1129
\depth=\dimen1130
\totalheight=\dimen1131
\width=\dimen1132
\height=\dimen1133
\depth=\dimen1134
\totalheight=\dimen1135
\width=\dimen1136
\height=\dimen1137
\depth=\dimen1138
\totalheight=\dimen1139
\width=\dimen1140
\height=\dimen1141
\depth=\dimen1142
\totalheight=\dimen1143
\width=\dimen1144
 [3]
LaTeX Font Info:    Try loading font information for OMS+cmr on input line 285.

 (/usr/local/texlive/2016/texmf-dist/tex/latex/base/omscmr.fd
File: omscmr.fd 2014/09/29 v2.5h Standard LaTeX font definitions
)
LaTeX Font Info:    Font shape `OMS/cmr/m/n' in size <10> not available
(Font)              Font shape `OMS/cmsy/m/n' tried instead on input line 285.
\height=\dimen1145
\depth=\dimen1146
\totalheight=\dimen1147
\width=\dimen1148
\height=\dimen1149
\depth=\dimen1150
\totalheight=\dimen1151
\width=\dimen1152
\height=\dimen1153
\depth=\dimen1154
\totalheight=\dimen1155
\width=\dimen1156
\height=\dimen1157
\depth=\dimen1158
\totalheight=\dimen1159
\width=\dimen1160
\height=\dimen1161
\depth=\dimen1162
\totalheight=\dimen1163
\width=\dimen1164
\height=\dimen1165
\depth=\dimen1166
\totalheight=\dimen1167
\width=\dimen1168
\height=\dimen1169
\depth=\dimen1170
\totalheight=\dimen1171
\width=\dimen1172
\height=\dimen1173
\depth=\dimen1174
\totalheight=\dimen1175
\width=\dimen1176
\height=\dimen1177
\depth=\dimen1178
\totalheight=\dimen1179
\width=\dimen1180
\height=\dimen1181
\depth=\dimen1182
\totalheight=\dimen1183
\width=\dimen1184
\height=\dimen1185
\depth=\dimen1186
\totalheight=\dimen1187
\width=\dimen1188
\height=\dimen1189
\depth=\dimen1190
\totalheight=\dimen1191
\width=\dimen1192
\height=\dimen1193
\depth=\dimen1194
\totalheight=\dimen1195
\width=\dimen1196
\height=\dimen1197
\depth=\dimen1198
\totalheight=\dimen1199
\width=\dimen1200
\height=\dimen1201
\depth=\dimen1202
\totalheight=\dimen1203
\width=\dimen1204
\height=\dimen1205
\depth=\dimen1206
\totalheight=\dimen1207
\width=\dimen1208
\height=\dimen1209
\depth=\dimen1210
\totalheight=\dimen1211
\width=\dimen1212
\height=\dimen1213
\depth=\dimen1214
\totalheight=\dimen1215
\width=\dimen1216
\height=\dimen1217
\depth=\dimen1218
\totalheight=\dimen1219
\width=\dimen1220
\height=\dimen1221
\depth=\dimen1222
\totalheight=\dimen1223
\width=\dimen1224
\height=\dimen1225
\depth=\dimen1226
\totalheight=\dimen1227
\width=\dimen1228
\height=\dimen1229
\depth=\dimen1230
\totalheight=\dimen1231
\width=\dimen1232
\height=\dimen1233
\depth=\dimen1234
\totalheight=\dimen1235
\width=\dimen1236
\height=\dimen1237
\depth=\dimen1238
\totalheight=\dimen1239
\width=\dimen1240
\height=\dimen1241
\depth=\dimen1242
\totalheight=\dimen1243
\width=\dimen1244
\height=\dimen1245
\depth=\dimen1246
\totalheight=\dimen1247
\width=\dimen1248
\height=\dimen1249
\depth=\dimen1250
\totalheight=\dimen1251
\width=\dimen1252
\height=\dimen1253
\depth=\dimen1254
\totalheight=\dimen1255
\width=\dimen1256
\height=\dimen1257
\depth=\dimen1258
\totalheight=\dimen1259
\width=\dimen1260
\height=\dimen1261
\depth=\dimen1262
\totalheight=\dimen1263
\width=\dimen1264
\height=\dimen1265
\depth=\dimen1266
\totalheight=\dimen1267
\width=\dimen1268
\height=\dimen1269
\depth=\dimen1270
\totalheight=\dimen1271
\width=\dimen1272
\height=\dimen1273
\depth=\dimen1274
\totalheight=\dimen1275
\width=\dimen1276
\height=\dimen1277
\depth=\dimen1278
\totalheight=\dimen1279
\width=\dimen1280
\height=\dimen1281
\depth=\dimen1282
\totalheight=\dimen1283
\width=\dimen1284
\height=\dimen1285
\depth=\dimen1286
\totalheight=\dimen1287
\width=\dimen1288
\height=\dimen1289
\depth=\dimen1290
\totalheight=\dimen1291
\width=\dimen1292
\height=\dimen1293
\depth=\dimen1294
\totalheight=\dimen1295
\width=\dimen1296
\height=\dimen1297
\depth=\dimen1298
\totalheight=\dimen1299
\width=\dimen1300
\height=\dimen1301
\depth=\dimen1302
\totalheight=\dimen1303
\width=\dimen1304
 [4]
Overfull \hbox (12.9156pt too wide) in paragraph at lines 402--405
[]\OT1/cmr/m/n/10 Four .txt files con-tain-ing hex val-ues (\OT1/cmtt/m/n/10 ad
dsubmul.txt\OT1/cmr/m/n/10 , \OT1/cmtt/m/n/10 sub2.txt\OT1/cmr/m/n/10 , \OT1/cm
tt/m/n/10 submul.txt\OT1/cmr/m/n/10 ,
 []

[5] (./description.aux) ) 
Here is how much of TeX's memory you used:
 2939 strings out of 493014
 42393 string characters out of 6133351
 152337 words of memory out of 5000000
 6458 multiletter control sequences out of 15000+600000
 5213 words of font info for 20 fonts, out of 8000000 for 9000
 1141 hyphenation exceptions out of 8191
 51i,13n,32p,262b,386s stack positions out of 5000i,500n,10000p,200000b,80000s
</usr/local/texlive/2016/texmf-dist/fonts/type1/public
/amsfonts/cm/cmbx12.pfb></usr/local/texlive/2016/texmf-dist/fonts/type1/public/
amsfonts/cm/cmmi10.pfb></usr/local/texlive/2016/texmf-dist/fonts/type1/public/a
msfonts/cm/cmmi7.pfb></usr/local/texlive/2016/texmf-dist/fonts/type1/public/ams
fonts/cm/cmr10.pfb></usr/local/texlive/2016/texmf-dist/fonts/type1/public/amsfo
nts/cm/cmr5.pfb></usr/local/texlive/2016/texmf-dist/fonts/type1/public/amsfonts
/cm/cmr7.pfb></usr/local/texlive/2016/texmf-dist/fonts/type1/public/amsfonts/cm
/cmsy10.pfb></usr/local/texlive/2016/texmf-dist/fonts/type1/public/amsfonts/cm/
cmti10.pfb></usr/local/texlive/2016/texmf-dist/fonts/type1/public/amsfonts/cm/c
mtt10.pfb>
Output written on description.pdf (5 pages, 119694 bytes).
PDF statistics:
 56 PDF objects out of 1000 (max. 8388607)
 39 compressed objects within 1 object stream
 0 named destinations out of 1000 (max. 500000)
 1 words of extra memory for PDF output out of 10000 (max. 10000000)

